2020-02-26 12:17:32 INFO  Defining:22 -2.0
2020-02-26 12:17:32 ERROR Defining:23 -There will be corrrection
2020-02-26 12:17:32 WARN  Defining:24 -there is something wrong in code
2020-02-26 12:17:32 FATAL Defining:25 -there is any case of abort
2020-02-26 12:17:32 INFO  Defining:12 -60.0
2020-02-26 12:17:32 ERROR Defining:13 -There will be corrrection
2020-02-26 12:17:32 WARN  Defining:14 -there is something wrong in code
2020-02-26 12:17:32 FATAL Defining:15 -there is any case of abort
2020-02-26 12:17:32 INFO  HouseDefining:42 -250000.0
2020-02-26 12:17:32 ERROR HouseDefining:43 -There will be corrrection
2020-02-26 12:17:32 WARN  HouseDefining:44 -there is something wrong in code
2020-02-26 12:17:32 FATAL HouseDefining:45 -there is any case of abort
2020-02-26 12:17:32 INFO  HouseDefining:16 -400000.0
2020-02-26 12:17:32 ERROR HouseDefining:17 -There will be corrrection
2020-02-26 12:17:32 WARN  HouseDefining:18 -there is something wrong in code
2020-02-26 12:17:32 FATAL HouseDefining:19 -there is any case of abort
2020-02-26 12:17:32 INFO  HouseDefining:27 -437500.0
2020-02-26 12:17:32 ERROR HouseDefining:28 -There will be corrrection
2020-02-26 12:17:32 WARN  HouseDefining:29 -there is something wrong in code
2020-02-26 12:17:32 FATAL HouseDefining:30 -there is any case of abort
2020-02-26 12:17:32 INFO  HouseDefining:42 -617500.0
2020-02-26 12:17:32 ERROR HouseDefining:43 -There will be corrrection
2020-02-26 12:17:32 WARN  HouseDefining:44 -there is something wrong in code
2020-02-26 12:17:32 FATAL HouseDefining:45 -there is any case of abort
